2025-12-18 16:22:40,688 - INFO - 
     Year  Present_Price  Kms_Driven  Owner  Fuel_Type  Seller_Type  Transmission     Brand
184    17       0.559616   10.165890      1          0            0             0  2.389711
132     8       0.667829    8.160804      0          0            0             0  2.389711
194    17       0.580538   10.819798      0          0            0             0  3.396347
75     10       2.054124   10.491302      0          0            1             0  4.566372
111     9       0.916291    9.071193      0          0            0             0  3.630478
..    ...            ...         ...    ...        ...          ...           ...       ...
188    12       0.451076    9.798183      0          0            0             0  3.396347
71     14       2.601207   10.714440      0          1            1             0  5.321559
106    11       1.492904    9.711176      1          0            0             0  4.213937
270    14       2.397895   11.146806      0          0            1             0  5.864711
102     8       1.022451    8.294300      0          0            0             0  4.087147

[240 rows x 8 columns]
2025-12-18 16:22:40,692 - INFO - 
     Year  Present_Price  Kms_Driven  Owner  Fuel_Type  Seller_Type  Transmission     Brand
177     9       0.451076   10.085851      0          0            0             1  3.339991
289     9       2.681022    9.303922      0          0            1             0  5.864711
228    13       2.341806   11.002117      0          1            1             0  5.028539
198    14       0.451076   10.463132      1          0            0             0  2.389711
60     12       2.976040   10.596685      0          0            1             0  5.321559
..    ...            ...         ...    ...        ...          ...           ...       ...
234    10       1.902108    8.410276      0          0            1             0  4.689835
296     9       2.533697   10.433792      0          1            1             0  5.864711
281    19       2.151762   10.828877      0          0            1             0  5.864711
285     9       2.251292    9.619798      0          0            1             1  4.825148
182    12       0.457425   10.308986      0          0            0             0  3.339991

[61 rows x 8 columns]
